1739193196.768140 client started (5458): version 3.4, socket /tmp/tmux-1000/default, protocol 8
1739193196.768185 on Linux 6.8.0-52-generic #53-Ubuntu SMP PREEMPT_DYNAMIC Sat Jan 11 00:06:25 UTC 2025
1739193196.768190 using libevent 2.1.12-stable poll
1739193196.768193 using ncurses 6.4 20240113
1739193196.768223 flags are 0x10010000
1739193196.768240 socket is /tmp/tmux-1000/default
1739193196.768261 trying connect
1739193196.768520 add peer 0x556d268407d0: 6 ((nil))
1739193196.769277 sending message 100 to peer 0x556d268407d0 (4 bytes)
1739193196.769302 sending message 111 to peer 0x556d268407d0 (8 bytes)
1739193196.769307 sending message 101 to peer 0x556d268407d0 (14 bytes)
1739193196.769311 sending message 109 to peer 0x556d268407d0 (4 bytes)
1739193196.769315 sending message 102 to peer 0x556d268407d0 (11 bytes)
1739193196.769318 sending message 108 to peer 0x556d268407d0 (44 bytes)
1739193196.769323 sending message 112 to peer 0x556d268407d0 (70 bytes)
1739193196.769329 sending message 112 to peer 0x556d268407d0 (5 bytes)
1739193196.769333 sending message 112 to peer 0x556d268407d0 (5 bytes)
1739193196.769336 sending message 112 to peer 0x556d268407d0 (6 bytes)
1739193196.769341 sending message 112 to peer 0x556d268407d0 (6 bytes)
1739193196.769347 sending message 112 to peer 0x556d268407d0 (11 bytes)
1739193196.769351 sending message 112 to peer 0x556d268407d0 (10 bytes)
1739193196.769355 sending message 112 to peer 0x556d268407d0 (13 bytes)
1739193196.769358 sending message 112 to peer 0x556d268407d0 (13 bytes)
1739193196.769363 sending message 112 to peer 0x556d268407d0 (18 bytes)
1739193196.769368 sending message 112 to peer 0x556d268407d0 (11 bytes)
1739193196.769373 sending message 112 to peer 0x556d268407d0 (10 bytes)
1739193196.769376 sending message 112 to peer 0x556d268407d0 (15 bytes)
1739193196.769380 sending message 112 to peer 0x556d268407d0 (21 bytes)
1739193196.769384 sending message 112 to peer 0x556d268407d0 (13 bytes)
1739193196.769389 sending message 112 to peer 0x556d268407d0 (7 bytes)
1739193196.769395 sending message 112 to peer 0x556d268407d0 (13 bytes)
1739193196.769399 sending message 112 to peer 0x556d268407d0 (7 bytes)
1739193196.769403 sending message 112 to peer 0x556d268407d0 (13 bytes)
1739193196.769407 sending message 112 to peer 0x556d268407d0 (9 bytes)
1739193196.769411 sending message 112 to peer 0x556d268407d0 (21 bytes)
1739193196.769414 sending message 112 to peer 0x556d268407d0 (13 bytes)
1739193196.769419 sending message 112 to peer 0x556d268407d0 (8 bytes)
1739193196.769425 sending message 112 to peer 0x556d268407d0 (12 bytes)
1739193196.769429 sending message 112 to peer 0x556d268407d0 (13 bytes)
1739193196.769433 sending message 112 to peer 0x556d268407d0 (9 bytes)
1739193196.769437 sending message 112 to peer 0x556d268407d0 (9 bytes)
1739193196.769441 sending message 112 to peer 0x556d268407d0 (12 bytes)
1739193196.769446 sending message 112 to peer 0x556d268407d0 (8 bytes)
1739193196.769451 sending message 112 to peer 0x556d268407d0 (8 bytes)
1739193196.769456 sending message 112 to peer 0x556d268407d0 (7 bytes)
1739193196.769460 sending message 112 to peer 0x556d268407d0 (7 bytes)
1739193196.769463 sending message 112 to peer 0x556d268407d0 (9 bytes)
1739193196.769467 sending message 112 to peer 0x556d268407d0 (13 bytes)
1739193196.769471 sending message 112 to peer 0x556d268407d0 (6 bytes)
1739193196.769476 sending message 112 to peer 0x556d268407d0 (9 bytes)
1739193196.769482 sending message 112 to peer 0x556d268407d0 (15 bytes)
1739193196.769486 sending message 112 to peer 0x556d268407d0 (13 bytes)
1739193196.769490 sending message 112 to peer 0x556d268407d0 (12 bytes)
1739193196.769494 sending message 112 to peer 0x556d268407d0 (8 bytes)
1739193196.769498 sending message 112 to peer 0x556d268407d0 (14 bytes)
1739193196.769502 sending message 112 to peer 0x556d268407d0 (11 bytes)
1739193196.769507 sending message 112 to peer 0x556d268407d0 (9 bytes)
1739193196.769512 sending message 112 to peer 0x556d268407d0 (10 bytes)
1739193196.769517 sending message 112 to peer 0x556d268407d0 (10 bytes)
1739193196.769540 sending message 112 to peer 0x556d268407d0 (10 bytes)
1739193196.769544 sending message 112 to peer 0x556d268407d0 (10 bytes)
1739193196.769552 sending message 112 to peer 0x556d268407d0 (11 bytes)
1739193196.769557 sending message 112 to peer 0x556d268407d0 (12 bytes)
1739193196.769561 sending message 112 to peer 0x556d268407d0 (12 bytes)
1739193196.769565 sending message 112 to peer 0x556d268407d0 (12 bytes)
1739193196.769569 sending message 112 to peer 0x556d268407d0 (12 bytes)
1739193196.769573 sending message 112 to peer 0x556d268407d0 (12 bytes)
1739193196.769578 sending message 112 to peer 0x556d268407d0 (11 bytes)
1739193196.769584 sending message 112 to peer 0x556d268407d0 (11 bytes)
1739193196.769588 sending message 112 to peer 0x556d268407d0 (12 bytes)
1739193196.769592 sending message 112 to peer 0x556d268407d0 (12 bytes)
1739193196.769596 sending message 112 to peer 0x556d268407d0 (12 bytes)
1739193196.769600 sending message 112 to peer 0x556d268407d0 (12 bytes)
1739193196.769603 sending message 112 to peer 0x556d268407d0 (12 bytes)
1739193196.769608 sending message 112 to peer 0x556d268407d0 (10 bytes)
1739193196.769614 sending message 112 to peer 0x556d268407d0 (12 bytes)
1739193196.769618 sending message 112 to peer 0x556d268407d0 (13 bytes)
1739193196.769622 sending message 112 to peer 0x556d268407d0 (13 bytes)
1739193196.769627 sending message 112 to peer 0x556d268407d0 (13 bytes)
1739193196.769633 sending message 112 to peer 0x556d268407d0 (13 bytes)
1739193196.769637 sending message 112 to peer 0x556d268407d0 (13 bytes)
1739193196.769641 sending message 112 to peer 0x556d268407d0 (8 bytes)
1739193196.769646 sending message 112 to peer 0x556d268407d0 (11 bytes)
1739193196.769650 sending message 112 to peer 0x556d268407d0 (11 bytes)
1739193196.769654 sending message 112 to peer 0x556d268407d0 (11 bytes)
1739193196.769658 sending message 112 to peer 0x556d268407d0 (12 bytes)
1739193196.769662 sending message 112 to peer 0x556d268407d0 (12 bytes)
1739193196.769667 sending message 112 to peer 0x556d268407d0 (12 bytes)
1739193196.769673 sending message 112 to peer 0x556d268407d0 (12 bytes)
1739193196.769677 sending message 112 to peer 0x556d268407d0 (13 bytes)
1739193196.769681 sending message 112 to peer 0x556d268407d0 (13 bytes)
1739193196.769685 sending message 112 to peer 0x556d268407d0 (13 bytes)
1739193196.769691 sending message 112 to peer 0x556d268407d0 (8 bytes)
1739193196.769695 sending message 112 to peer 0x556d268407d0 (13 bytes)
1739193196.769699 sending message 112 to peer 0x556d268407d0 (13 bytes)
1739193196.769703 sending message 112 to peer 0x556d268407d0 (13 bytes)
1739193196.769708 sending message 112 to peer 0x556d268407d0 (13 bytes)
1739193196.769714 sending message 112 to peer 0x556d268407d0 (13 bytes)
1739193196.769718 sending message 112 to peer 0x556d268407d0 (12 bytes)
1739193196.769722 sending message 112 to peer 0x556d268407d0 (12 bytes)
1739193196.769726 sending message 112 to peer 0x556d268407d0 (12 bytes)
1739193196.769731 sending message 112 to peer 0x556d268407d0 (12 bytes)
1739193196.769737 sending message 112 to peer 0x556d268407d0 (13 bytes)
1739193196.769741 sending message 112 to peer 0x556d268407d0 (8 bytes)
1739193196.769745 sending message 112 to peer 0x556d268407d0 (13 bytes)
1739193196.769749 sending message 112 to peer 0x556d268407d0 (13 bytes)
1739193196.769753 sending message 112 to peer 0x556d268407d0 (13 bytes)
1739193196.769757 sending message 112 to peer 0x556d268407d0 (13 bytes)
1739193196.769765 sending message 112 to peer 0x556d268407d0 (13 bytes)
1739193196.769770 sending message 112 to peer 0x556d268407d0 (13 bytes)
1739193196.769774 sending message 112 to peer 0x556d268407d0 (13 bytes)
1739193196.769778 sending message 112 to peer 0x556d268407d0 (12 bytes)
1739193196.769783 sending message 112 to peer 0x556d268407d0 (12 bytes)
1739193196.769789 sending message 112 to peer 0x556d268407d0 (12 bytes)
1739193196.769793 sending message 112 to peer 0x556d268407d0 (8 bytes)
1739193196.769797 sending message 112 to peer 0x556d268407d0 (12 bytes)
1739193196.769809 sending message 112 to peer 0x556d268407d0 (13 bytes)
1739193196.769818 sending message 112 to peer 0x556d268407d0 (13 bytes)
1739193196.769823 sending message 112 to peer 0x556d268407d0 (13 bytes)
1739193196.769827 sending message 112 to peer 0x556d268407d0 (13 bytes)
1739193196.769831 sending message 112 to peer 0x556d268407d0 (13 bytes)
1739193196.770086 sending message 112 to peer 0x556d268407d0 (13 bytes)
1739193196.770103 sending message 112 to peer 0x556d268407d0 (13 bytes)
1739193196.770109 sending message 112 to peer 0x556d268407d0 (13 bytes)
1739193196.770113 sending message 112 to peer 0x556d268407d0 (12 bytes)
1739193196.770117 sending message 112 to peer 0x556d268407d0 (10 bytes)
1739193196.770121 sending message 112 to peer 0x556d268407d0 (12 bytes)
1739193196.770126 sending message 112 to peer 0x556d268407d0 (12 bytes)
1739193196.770132 sending message 112 to peer 0x556d268407d0 (12 bytes)
1739193196.770136 sending message 112 to peer 0x556d268407d0 (13 bytes)
1739193196.770140 sending message 112 to peer 0x556d268407d0 (13 bytes)
1739193196.770144 sending message 112 to peer 0x556d268407d0 (13 bytes)
1739193196.770149 sending message 112 to peer 0x556d268407d0 (13 bytes)
1739193196.770155 sending message 112 to peer 0x556d268407d0 (13 bytes)
1739193196.770159 sending message 112 to peer 0x556d268407d0 (13 bytes)
1739193196.770163 sending message 112 to peer 0x556d268407d0 (13 bytes)
1739193196.770167 sending message 112 to peer 0x556d268407d0 (10 bytes)
1739193196.770171 sending message 112 to peer 0x556d268407d0 (13 bytes)
1739193196.770174 sending message 112 to peer 0x556d268407d0 (12 bytes)
1739193196.770179 sending message 112 to peer 0x556d268407d0 (12 bytes)
1739193196.770185 sending message 112 to peer 0x556d268407d0 (12 bytes)
1739193196.770189 sending message 112 to peer 0x556d268407d0 (10 bytes)
1739193196.770193 sending message 112 to peer 0x556d268407d0 (10 bytes)
1739193196.770198 sending message 112 to peer 0x556d268407d0 (10 bytes)
1739193196.770203 sending message 112 to peer 0x556d268407d0 (12 bytes)
1739193196.770208 sending message 112 to peer 0x556d268407d0 (13 bytes)
1739193196.770212 sending message 112 to peer 0x556d268407d0 (13 bytes)
1739193196.770217 sending message 112 to peer 0x556d268407d0 (13 bytes)
1739193196.770222 sending message 112 to peer 0x556d268407d0 (13 bytes)
1739193196.770226 sending message 112 to peer 0x556d268407d0 (13 bytes)
1739193196.770230 sending message 112 to peer 0x556d268407d0 (11 bytes)
1739193196.770234 sending message 112 to peer 0x556d268407d0 (11 bytes)
1739193196.770240 sending message 112 to peer 0x556d268407d0 (12 bytes)
1739193196.770245 sending message 112 to peer 0x556d268407d0 (12 bytes)
1739193196.770249 sending message 112 to peer 0x556d268407d0 (12 bytes)
1739193196.770253 sending message 112 to peer 0x556d268407d0 (12 bytes)
1739193196.770258 sending message 112 to peer 0x556d268407d0 (12 bytes)
1739193196.770263 sending message 112 to peer 0x556d268407d0 (11 bytes)
1739193196.770267 sending message 112 to peer 0x556d268407d0 (12 bytes)
1739193196.770271 sending message 112 to peer 0x556d268407d0 (12 bytes)
1739193196.770275 sending message 112 to peer 0x556d268407d0 (13 bytes)
1739193196.770279 sending message 112 to peer 0x556d268407d0 (13 bytes)
1739193196.770283 sending message 112 to peer 0x556d268407d0 (13 bytes)
1739193196.770288 sending message 112 to peer 0x556d268407d0 (13 bytes)
1739193196.770294 sending message 112 to peer 0x556d268407d0 (13 bytes)
1739193196.770298 sending message 112 to peer 0x556d268407d0 (10 bytes)
1739193196.770302 sending message 112 to peer 0x556d268407d0 (9 bytes)
1739193196.770306 sending message 112 to peer 0x556d268407d0 (12 bytes)
1739193196.770311 sending message 112 to peer 0x556d268407d0 (13 bytes)
1739193196.770316 sending message 112 to peer 0x556d268407d0 (13 bytes)
1739193196.770321 sending message 112 to peer 0x556d268407d0 (13 bytes)
1739193196.770324 sending message 112 to peer 0x556d268407d0 (13 bytes)
1739193196.770328 sending message 112 to peer 0x556d268407d0 (13 bytes)
1739193196.770342 sending message 112 to peer 0x556d268407d0 (9 bytes)
1739193196.770346 sending message 112 to peer 0x556d268407d0 (12 bytes)
1739193196.770352 sending message 112 to peer 0x556d268407d0 (13 bytes)
1739193196.770357 sending message 112 to peer 0x556d268407d0 (13 bytes)
1739193196.770362 sending message 112 to peer 0x556d268407d0 (13 bytes)
1739193196.770366 sending message 112 to peer 0x556d268407d0 (13 bytes)
1739193196.770369 sending message 112 to peer 0x556d268407d0 (13 bytes)
1739193196.770373 sending message 112 to peer 0x556d268407d0 (11 bytes)
1739193196.770378 sending message 112 to peer 0x556d268407d0 (12 bytes)
1739193196.770384 sending message 112 to peer 0x556d268407d0 (13 bytes)
1739193196.770388 sending message 112 to peer 0x556d268407d0 (13 bytes)
1739193196.770392 sending message 112 to peer 0x556d268407d0 (13 bytes)
1739193196.770396 sending message 112 to peer 0x556d268407d0 (13 bytes)
1739193196.770399 sending message 112 to peer 0x556d268407d0 (13 bytes)
1739193196.770403 sending message 112 to peer 0x556d268407d0 (11 bytes)
1739193196.770408 sending message 112 to peer 0x556d268407d0 (12 bytes)
1739193196.770414 sending message 112 to peer 0x556d268407d0 (12 bytes)
1739193196.770418 sending message 112 to peer 0x556d268407d0 (12 bytes)
1739193196.770422 sending message 112 to peer 0x556d268407d0 (12 bytes)
1739193196.770427 sending message 112 to peer 0x556d268407d0 (12 bytes)
1739193196.770432 sending message 112 to peer 0x556d268407d0 (21 bytes)
1739193196.770436 sending message 112 to peer 0x556d268407d0 (12 bytes)
1739193196.770440 sending message 112 to peer 0x556d268407d0 (9 bytes)
1739193196.770444 sending message 112 to peer 0x556d268407d0 (6 bytes)
1739193196.770448 sending message 112 to peer 0x556d268407d0 (13 bytes)
1739193196.770452 sending message 112 to peer 0x556d268407d0 (8 bytes)
1739193196.770459 sending message 112 to peer 0x556d268407d0 (15 bytes)
1739193196.770464 sending message 112 to peer 0x556d268407d0 (13 bytes)
1739193196.770479 sending message 112 to peer 0x556d268407d0 (9 bytes)
1739193196.770484 sending message 112 to peer 0x556d268407d0 (70 bytes)
1739193196.770490 sending message 112 to peer 0x556d268407d0 (69 bytes)
1739193196.770496 sending message 112 to peer 0x556d268407d0 (10 bytes)
1739193196.770501 sending message 112 to peer 0x556d268407d0 (10 bytes)
1739193196.770505 sending message 112 to peer 0x556d268407d0 (8 bytes)
1739193196.770510 sending message 112 to peer 0x556d268407d0 (15 bytes)
1739193196.770514 sending message 112 to peer 0x556d268407d0 (13 bytes)
1739193196.770518 sending message 112 to peer 0x556d268407d0 (10 bytes)
1739193196.770522 sending message 112 to peer 0x556d268407d0 (10 bytes)
1739193196.770526 sending message 112 to peer 0x556d268407d0 (17 bytes)
1739193196.770530 sending message 112 to peer 0x556d268407d0 (10 bytes)
1739193196.770535 sending message 112 to peer 0x556d268407d0 (13 bytes)
1739193196.770540 sending message 112 to peer 0x556d268407d0 (9 bytes)
1739193196.770545 sending message 112 to peer 0x556d268407d0 (5 bytes)
1739193196.770549 sending message 112 to peer 0x556d268407d0 (15 bytes)
1739193196.770555 sending message 104 to peer 0x556d268407d0 (0 bytes)
1739193196.770561 sending message 110 to peer 0x556d268407d0 (0 bytes)
1739193196.770568 sending message 107 to peer 0x556d268407d0 (4 bytes)
1739193196.770573 sending message 105 to peer 0x556d268407d0 (16 bytes)
1739193196.770577 sending message 105 to peer 0x556d268407d0 (98 bytes)
1739193196.770582 sending message 105 to peer 0x556d268407d0 (18 bytes)
1739193196.770587 sending message 105 to peer 0x556d268407d0 (19 bytes)
1739193196.770591 sending message 105 to peer 0x556d268407d0 (20 bytes)
1739193196.770596 sending message 105 to peer 0x556d268407d0 (43 bytes)
1739193196.770601 sending message 105 to peer 0x556d268407d0 (58 bytes)
1739193196.770606 sending message 105 to peer 0x556d268407d0 (22 bytes)
1739193196.770610 sending message 105 to peer 0x556d268407d0 (25 bytes)
1739193196.770614 sending message 105 to peer 0x556d268407d0 (20 bytes)
1739193196.770627 sending message 105 to peer 0x556d268407d0 (35 bytes)
1739193196.770632 sending message 105 to peer 0x556d268407d0 (15 bytes)
1739193196.770637 sending message 105 to peer 0x556d268407d0 (23 bytes)
1739193196.770641 sending message 105 to peer 0x556d268407d0 (20 bytes)
1739193196.770646 sending message 105 to peer 0x556d268407d0 (47 bytes)
1739193196.770651 sending message 105 to peer 0x556d268407d0 (21 bytes)
1739193196.770656 sending message 105 to peer 0x556d268407d0 (24 bytes)
1739193196.770660 sending message 105 to peer 0x556d268407d0 (19 bytes)
1739193196.770664 sending message 105 to peer 0x556d268407d0 (28 bytes)
1739193196.770669 sending message 105 to peer 0x556d268407d0 (15 bytes)
1739193196.770674 sending message 105 to peer 0x556d268407d0 (48 bytes)
1739193196.770678 sending message 105 to peer 0x556d268407d0 (25 bytes)
1739193196.770682 sending message 105 to peer 0x556d268407d0 (23 bytes)
1739193196.770687 sending message 105 to peer 0x556d268407d0 (21 bytes)
1739193196.770692 sending message 105 to peer 0x556d268407d0 (44 bytes)
1739193196.770697 sending message 105 to peer 0x556d268407d0 (58 bytes)
1739193196.770701 sending message 105 to peer 0x556d268407d0 (15 bytes)
1739193196.770706 sending message 105 to peer 0x556d268407d0 (26 bytes)
1739193196.770712 sending message 105 to peer 0x556d268407d0 (21 bytes)
1739193196.770716 sending message 105 to peer 0x556d268407d0 (17 bytes)
1739193196.770720 sending message 105 to peer 0x556d268407d0 (1817 bytes)
1739193196.770746 sending message 105 to peer 0x556d268407d0 (25 bytes)
1739193196.770752 sending message 105 to peer 0x556d268407d0 (17 bytes)
1739193196.770756 sending message 105 to peer 0x556d268407d0 (52 bytes)
1739193196.770760 sending message 105 to peer 0x556d268407d0 (34 bytes)
1739193196.770765 sending message 105 to peer 0x556d268407d0 (23 bytes)
1739193196.770770 sending message 105 to peer 0x556d268407d0 (19 bytes)
1739193196.770775 sending message 105 to peer 0x556d268407d0 (30 bytes)
1739193196.770779 sending message 105 to peer 0x556d268407d0 (32 bytes)
1739193196.770782 sending message 105 to peer 0x556d268407d0 (20 bytes)
1739193196.770786 sending message 105 to peer 0x556d268407d0 (13 bytes)
1739193196.770790 sending message 105 to peer 0x556d268407d0 (13 bytes)
1739193196.770795 sending message 105 to peer 0x556d268407d0 (8 bytes)
1739193196.770800 sending message 105 to peer 0x556d268407d0 (25 bytes)
1739193196.770804 sending message 105 to peer 0x556d268407d0 (27 bytes)
1739193196.770808 sending message 105 to peer 0x556d268407d0 (11 bytes)
1739193196.770812 sending message 105 to peer 0x556d268407d0 (18 bytes)
1739193196.770816 sending message 105 to peer 0x556d268407d0 (31 bytes)
1739193196.770821 sending message 105 to peer 0x556d268407d0 (27 bytes)
1739193196.770827 sending message 105 to peer 0x556d268407d0 (30 bytes)
1739193196.770831 sending message 105 to peer 0x556d268407d0 (146 bytes)
1739193196.770835 sending message 105 to peer 0x556d268407d0 (104 bytes)
1739193196.770841 sending message 105 to peer 0x556d268407d0 (16 bytes)
1739193196.770846 sending message 105 to peer 0x556d268407d0 (54 bytes)
1739193196.770851 sending message 105 to peer 0x556d268407d0 (23 bytes)
1739193196.770855 sending message 105 to peer 0x556d268407d0 (28 bytes)
1739193196.770858 sending message 105 to peer 0x556d268407d0 (18 bytes)
1739193196.770862 sending message 105 to peer 0x556d268407d0 (16 bytes)
1739193196.770866 sending message 106 to peer 0x556d268407d0 (0 bytes)
1739193196.770939 sending message 200 to peer 0x556d268407d0 (4 bytes)
1739193196.770945 client loop enter
1739193196.771653 peer 0x556d268407d0 message 303
1739193196.771671 open write file 2 -
1739193196.771682 sending message 305 to peer 0x556d268407d0 (8 bytes)
1739193196.771701 write check file 2
1739193196.771822 peer 0x556d268407d0 message 304
1739193196.771828 write 58 to file 2
1739193196.771833 peer 0x556d268407d0 message 203
1739193196.771837 file 2 58 bytes left
1739193196.772055 write check file 2
1739193196.772066 client loop exit
