1739193210.609912 client started (5465): version 3.4, socket /tmp/tmux-0/default, protocol 8
1739193210.609951 on Linux 6.8.0-52-generic #53-Ubuntu SMP PREEMPT_DYNAMIC Sat Jan 11 00:06:25 UTC 2025
1739193210.609956 using libevent 2.1.12-stable poll
1739193210.609959 using ncurses 6.4 20240113
1739193210.610007 flags are 0x18010000
1739193210.610028 socket is /tmp/tmux-0/default
1739193210.610046 trying connect
1739193210.610070 connect failed: No such file or directory
1739193210.610084 lock file is /tmp/tmux-0/default.lock
1739193210.610118 flock succeeded
1739193210.610123 got lock (6)
1739193210.610133 trying connect
1739193210.610146 connect failed: No such file or directory
1739193210.610557 add peer 0x62f9c2834c30: 7 ((nil))
1739193210.611365 sending message 100 to peer 0x62f9c2834c30 (4 bytes)
1739193210.611388 sending message 111 to peer 0x62f9c2834c30 (8 bytes)
1739193210.611392 sending message 101 to peer 0x62f9c2834c30 (14 bytes)
1739193210.611397 sending message 109 to peer 0x62f9c2834c30 (4 bytes)
1739193210.611402 sending message 102 to peer 0x62f9c2834c30 (11 bytes)
1739193210.611406 sending message 108 to peer 0x62f9c2834c30 (44 bytes)
1739193210.611410 sending message 112 to peer 0x62f9c2834c30 (70 bytes)
1739193210.611414 sending message 112 to peer 0x62f9c2834c30 (5 bytes)
1739193210.611419 sending message 112 to peer 0x62f9c2834c30 (5 bytes)
1739193210.611424 sending message 112 to peer 0x62f9c2834c30 (6 bytes)
1739193210.611429 sending message 112 to peer 0x62f9c2834c30 (6 bytes)
1739193210.611432 sending message 112 to peer 0x62f9c2834c30 (11 bytes)
1739193210.611436 sending message 112 to peer 0x62f9c2834c30 (10 bytes)
1739193210.611440 sending message 112 to peer 0x62f9c2834c30 (13 bytes)
1739193210.611445 sending message 112 to peer 0x62f9c2834c30 (13 bytes)
1739193210.611450 sending message 112 to peer 0x62f9c2834c30 (18 bytes)
1739193210.611454 sending message 112 to peer 0x62f9c2834c30 (11 bytes)
1739193210.611458 sending message 112 to peer 0x62f9c2834c30 (10 bytes)
1739193210.611461 sending message 112 to peer 0x62f9c2834c30 (15 bytes)
1739193210.611465 sending message 112 to peer 0x62f9c2834c30 (21 bytes)
1739193210.611470 sending message 112 to peer 0x62f9c2834c30 (13 bytes)
1739193210.611475 sending message 112 to peer 0x62f9c2834c30 (7 bytes)
1739193210.611480 sending message 112 to peer 0x62f9c2834c30 (13 bytes)
1739193210.611483 sending message 112 to peer 0x62f9c2834c30 (7 bytes)
1739193210.611488 sending message 112 to peer 0x62f9c2834c30 (13 bytes)
1739193210.611494 sending message 112 to peer 0x62f9c2834c30 (9 bytes)
1739193210.611498 sending message 112 to peer 0x62f9c2834c30 (21 bytes)
1739193210.611501 sending message 112 to peer 0x62f9c2834c30 (13 bytes)
1739193210.611505 sending message 112 to peer 0x62f9c2834c30 (8 bytes)
1739193210.611509 sending message 112 to peer 0x62f9c2834c30 (12 bytes)
1739193210.611517 sending message 112 to peer 0x62f9c2834c30 (13 bytes)
1739193210.611521 sending message 112 to peer 0x62f9c2834c30 (9 bytes)
1739193210.611525 sending message 112 to peer 0x62f9c2834c30 (9 bytes)
1739193210.611529 sending message 112 to peer 0x62f9c2834c30 (12 bytes)
1739193210.611533 sending message 112 to peer 0x62f9c2834c30 (8 bytes)
1739193210.611536 sending message 112 to peer 0x62f9c2834c30 (8 bytes)
1739193210.611540 sending message 112 to peer 0x62f9c2834c30 (7 bytes)
1739193210.611545 sending message 112 to peer 0x62f9c2834c30 (7 bytes)
1739193210.611550 sending message 112 to peer 0x62f9c2834c30 (9 bytes)
1739193210.611554 sending message 112 to peer 0x62f9c2834c30 (13 bytes)
1739193210.611558 sending message 112 to peer 0x62f9c2834c30 (6 bytes)
1739193210.611561 sending message 112 to peer 0x62f9c2834c30 (9 bytes)
1739193210.611565 sending message 112 to peer 0x62f9c2834c30 (15 bytes)
1739193210.611570 sending message 112 to peer 0x62f9c2834c30 (13 bytes)
1739193210.611575 sending message 112 to peer 0x62f9c2834c30 (12 bytes)
1739193210.611580 sending message 112 to peer 0x62f9c2834c30 (8 bytes)
1739193210.611583 sending message 112 to peer 0x62f9c2834c30 (14 bytes)
1739193210.611608 sending message 112 to peer 0x62f9c2834c30 (11 bytes)
1739193210.611612 sending message 112 to peer 0x62f9c2834c30 (9 bytes)
1739193210.611618 sending message 112 to peer 0x62f9c2834c30 (10 bytes)
1739193210.611624 sending message 112 to peer 0x62f9c2834c30 (10 bytes)
1739193210.611628 sending message 112 to peer 0x62f9c2834c30 (10 bytes)
1739193210.611632 sending message 112 to peer 0x62f9c2834c30 (10 bytes)
1739193210.611635 sending message 112 to peer 0x62f9c2834c30 (11 bytes)
1739193210.611640 sending message 112 to peer 0x62f9c2834c30 (12 bytes)
1739193210.611645 sending message 112 to peer 0x62f9c2834c30 (12 bytes)
1739193210.611650 sending message 112 to peer 0x62f9c2834c30 (12 bytes)
1739193210.611653 sending message 112 to peer 0x62f9c2834c30 (12 bytes)
1739193210.611657 sending message 112 to peer 0x62f9c2834c30 (12 bytes)
1739193210.611661 sending message 112 to peer 0x62f9c2834c30 (11 bytes)
1739193210.611664 sending message 112 to peer 0x62f9c2834c30 (11 bytes)
1739193210.611672 sending message 112 to peer 0x62f9c2834c30 (12 bytes)
1739193210.611676 sending message 112 to peer 0x62f9c2834c30 (12 bytes)
1739193210.611680 sending message 112 to peer 0x62f9c2834c30 (12 bytes)
1739193210.611684 sending message 112 to peer 0x62f9c2834c30 (12 bytes)
1739193210.611688 sending message 112 to peer 0x62f9c2834c30 (12 bytes)
1739193210.611691 sending message 112 to peer 0x62f9c2834c30 (10 bytes)
1739193210.611696 sending message 112 to peer 0x62f9c2834c30 (12 bytes)
1739193210.611702 sending message 112 to peer 0x62f9c2834c30 (13 bytes)
1739193210.611706 sending message 112 to peer 0x62f9c2834c30 (13 bytes)
1739193210.611710 sending message 112 to peer 0x62f9c2834c30 (13 bytes)
1739193210.611715 sending message 112 to peer 0x62f9c2834c30 (13 bytes)
1739193210.611720 sending message 112 to peer 0x62f9c2834c30 (13 bytes)
1739193210.611724 sending message 112 to peer 0x62f9c2834c30 (8 bytes)
1739193210.611728 sending message 112 to peer 0x62f9c2834c30 (11 bytes)
1739193210.611732 sending message 112 to peer 0x62f9c2834c30 (11 bytes)
1739193210.611735 sending message 112 to peer 0x62f9c2834c30 (11 bytes)
1739193210.611743 sending message 112 to peer 0x62f9c2834c30 (12 bytes)
1739193210.611748 sending message 112 to peer 0x62f9c2834c30 (12 bytes)
1739193210.611752 sending message 112 to peer 0x62f9c2834c30 (12 bytes)
1739193210.611755 sending message 112 to peer 0x62f9c2834c30 (12 bytes)
1739193210.611760 sending message 112 to peer 0x62f9c2834c30 (13 bytes)
1739193210.611766 sending message 112 to peer 0x62f9c2834c30 (13 bytes)
1739193210.611770 sending message 112 to peer 0x62f9c2834c30 (13 bytes)
1739193210.611773 sending message 112 to peer 0x62f9c2834c30 (8 bytes)
1739193210.611777 sending message 112 to peer 0x62f9c2834c30 (13 bytes)
1739193210.611781 sending message 112 to peer 0x62f9c2834c30 (13 bytes)
1739193210.611785 sending message 112 to peer 0x62f9c2834c30 (13 bytes)
1739193210.611789 sending message 112 to peer 0x62f9c2834c30 (13 bytes)
1739193210.611795 sending message 112 to peer 0x62f9c2834c30 (13 bytes)
1739193210.611799 sending message 112 to peer 0x62f9c2834c30 (12 bytes)
1739193210.611803 sending message 112 to peer 0x62f9c2834c30 (12 bytes)
1739193210.611808 sending message 112 to peer 0x62f9c2834c30 (12 bytes)
1739193210.611813 sending message 112 to peer 0x62f9c2834c30 (12 bytes)
1739193210.611817 sending message 112 to peer 0x62f9c2834c30 (13 bytes)
1739193210.611821 sending message 112 to peer 0x62f9c2834c30 (8 bytes)
1739193210.611825 sending message 112 to peer 0x62f9c2834c30 (13 bytes)
1739193210.611829 sending message 112 to peer 0x62f9c2834c30 (13 bytes)
1739193210.611834 sending message 112 to peer 0x62f9c2834c30 (13 bytes)
1739193210.611839 sending message 112 to peer 0x62f9c2834c30 (13 bytes)
1739193210.611843 sending message 112 to peer 0x62f9c2834c30 (13 bytes)
1739193210.611847 sending message 112 to peer 0x62f9c2834c30 (13 bytes)
1739193210.611851 sending message 112 to peer 0x62f9c2834c30 (13 bytes)
1739193210.611854 sending message 112 to peer 0x62f9c2834c30 (12 bytes)
1739193210.611866 sending message 112 to peer 0x62f9c2834c30 (12 bytes)
1739193210.611871 sending message 112 to peer 0x62f9c2834c30 (12 bytes)
1739193210.611877 sending message 112 to peer 0x62f9c2834c30 (8 bytes)
1739193210.611881 sending message 112 to peer 0x62f9c2834c30 (12 bytes)
1739193210.611885 sending message 112 to peer 0x62f9c2834c30 (13 bytes)
1739193210.611890 sending message 112 to peer 0x62f9c2834c30 (13 bytes)
1739193210.611895 sending message 112 to peer 0x62f9c2834c30 (13 bytes)
1739193210.611899 sending message 112 to peer 0x62f9c2834c30 (13 bytes)
1739193210.611903 sending message 112 to peer 0x62f9c2834c30 (13 bytes)
1739193210.611907 sending message 112 to peer 0x62f9c2834c30 (13 bytes)
1739193210.611912 sending message 112 to peer 0x62f9c2834c30 (13 bytes)
1739193210.611917 sending message 112 to peer 0x62f9c2834c30 (13 bytes)
1739193210.611921 sending message 112 to peer 0x62f9c2834c30 (12 bytes)
1739193210.611925 sending message 112 to peer 0x62f9c2834c30 (10 bytes)
1739193210.611929 sending message 112 to peer 0x62f9c2834c30 (12 bytes)
1739193210.611933 sending message 112 to peer 0x62f9c2834c30 (12 bytes)
1739193210.611936 sending message 112 to peer 0x62f9c2834c30 (12 bytes)
1739193210.611941 sending message 112 to peer 0x62f9c2834c30 (13 bytes)
1739193210.611947 sending message 112 to peer 0x62f9c2834c30 (13 bytes)
1739193210.611951 sending message 112 to peer 0x62f9c2834c30 (13 bytes)
1739193210.611954 sending message 112 to peer 0x62f9c2834c30 (13 bytes)
1739193210.611958 sending message 112 to peer 0x62f9c2834c30 (13 bytes)
1739193210.611962 sending message 112 to peer 0x62f9c2834c30 (13 bytes)
1739193210.611978 sending message 112 to peer 0x62f9c2834c30 (13 bytes)
1739193210.611989 sending message 112 to peer 0x62f9c2834c30 (10 bytes)
1739193210.611994 sending message 112 to peer 0x62f9c2834c30 (13 bytes)
1739193210.611998 sending message 112 to peer 0x62f9c2834c30 (12 bytes)
1739193210.612001 sending message 112 to peer 0x62f9c2834c30 (12 bytes)
1739193210.612005 sending message 112 to peer 0x62f9c2834c30 (12 bytes)
1739193210.612010 sending message 112 to peer 0x62f9c2834c30 (10 bytes)
1739193210.612016 sending message 112 to peer 0x62f9c2834c30 (10 bytes)
1739193210.612020 sending message 112 to peer 0x62f9c2834c30 (10 bytes)
1739193210.612024 sending message 112 to peer 0x62f9c2834c30 (12 bytes)
1739193210.612027 sending message 112 to peer 0x62f9c2834c30 (13 bytes)
1739193210.612031 sending message 112 to peer 0x62f9c2834c30 (13 bytes)
1739193210.612036 sending message 112 to peer 0x62f9c2834c30 (13 bytes)
1739193210.612041 sending message 112 to peer 0x62f9c2834c30 (13 bytes)
1739193210.612045 sending message 112 to peer 0x62f9c2834c30 (13 bytes)
1739193210.612049 sending message 112 to peer 0x62f9c2834c30 (11 bytes)
1739193210.612053 sending message 112 to peer 0x62f9c2834c30 (11 bytes)
1739193210.612056 sending message 112 to peer 0x62f9c2834c30 (12 bytes)
1739193210.612060 sending message 112 to peer 0x62f9c2834c30 (12 bytes)
1739193210.612065 sending message 112 to peer 0x62f9c2834c30 (12 bytes)
1739193210.612070 sending message 112 to peer 0x62f9c2834c30 (12 bytes)
1739193210.612075 sending message 112 to peer 0x62f9c2834c30 (12 bytes)
1739193210.612078 sending message 112 to peer 0x62f9c2834c30 (11 bytes)
1739193210.612082 sending message 112 to peer 0x62f9c2834c30 (12 bytes)
1739193210.612086 sending message 112 to peer 0x62f9c2834c30 (12 bytes)
1739193210.612091 sending message 112 to peer 0x62f9c2834c30 (13 bytes)
1739193210.612096 sending message 112 to peer 0x62f9c2834c30 (13 bytes)
1739193210.612100 sending message 112 to peer 0x62f9c2834c30 (13 bytes)
1739193210.612104 sending message 112 to peer 0x62f9c2834c30 (13 bytes)
1739193210.612109 sending message 112 to peer 0x62f9c2834c30 (13 bytes)
1739193210.612114 sending message 112 to peer 0x62f9c2834c30 (10 bytes)
1739193210.612118 sending message 112 to peer 0x62f9c2834c30 (9 bytes)
1739193210.612122 sending message 112 to peer 0x62f9c2834c30 (12 bytes)
1739193210.612126 sending message 112 to peer 0x62f9c2834c30 (13 bytes)
1739193210.612140 sending message 112 to peer 0x62f9c2834c30 (13 bytes)
1739193210.612146 sending message 112 to peer 0x62f9c2834c30 (13 bytes)
1739193210.612150 sending message 112 to peer 0x62f9c2834c30 (13 bytes)
1739193210.612154 sending message 112 to peer 0x62f9c2834c30 (13 bytes)
1739193210.612158 sending message 112 to peer 0x62f9c2834c30 (9 bytes)
1739193210.612161 sending message 112 to peer 0x62f9c2834c30 (12 bytes)
1739193210.612166 sending message 112 to peer 0x62f9c2834c30 (13 bytes)
1739193210.612172 sending message 112 to peer 0x62f9c2834c30 (13 bytes)
1739193210.612176 sending message 112 to peer 0x62f9c2834c30 (13 bytes)
1739193210.612180 sending message 112 to peer 0x62f9c2834c30 (13 bytes)
1739193210.612184 sending message 112 to peer 0x62f9c2834c30 (13 bytes)
1739193210.612187 sending message 112 to peer 0x62f9c2834c30 (11 bytes)
1739193210.612192 sending message 112 to peer 0x62f9c2834c30 (12 bytes)
1739193210.612198 sending message 112 to peer 0x62f9c2834c30 (13 bytes)
1739193210.612202 sending message 112 to peer 0x62f9c2834c30 (13 bytes)
1739193210.612205 sending message 112 to peer 0x62f9c2834c30 (13 bytes)
1739193210.612210 sending message 112 to peer 0x62f9c2834c30 (13 bytes)
1739193210.612216 sending message 112 to peer 0x62f9c2834c30 (13 bytes)
1739193210.612220 sending message 112 to peer 0x62f9c2834c30 (11 bytes)
1739193210.612224 sending message 112 to peer 0x62f9c2834c30 (12 bytes)
1739193210.612227 sending message 112 to peer 0x62f9c2834c30 (12 bytes)
1739193210.612233 sending message 112 to peer 0x62f9c2834c30 (12 bytes)
1739193210.612238 sending message 112 to peer 0x62f9c2834c30 (12 bytes)
1739193210.612242 sending message 112 to peer 0x62f9c2834c30 (12 bytes)
1739193210.612246 sending message 112 to peer 0x62f9c2834c30 (21 bytes)
1739193210.612250 sending message 112 to peer 0x62f9c2834c30 (12 bytes)
1739193210.612255 sending message 112 to peer 0x62f9c2834c30 (9 bytes)
1739193210.612260 sending message 112 to peer 0x62f9c2834c30 (6 bytes)
1739193210.612264 sending message 112 to peer 0x62f9c2834c30 (13 bytes)
1739193210.612268 sending message 112 to peer 0x62f9c2834c30 (8 bytes)
1739193210.612272 sending message 112 to peer 0x62f9c2834c30 (15 bytes)
1739193210.612276 sending message 112 to peer 0x62f9c2834c30 (13 bytes)
1739193210.612280 sending message 112 to peer 0x62f9c2834c30 (9 bytes)
1739193210.612285 sending message 112 to peer 0x62f9c2834c30 (70 bytes)
1739193210.612291 sending message 112 to peer 0x62f9c2834c30 (69 bytes)
1739193210.612295 sending message 112 to peer 0x62f9c2834c30 (10 bytes)
1739193210.612299 sending message 112 to peer 0x62f9c2834c30 (10 bytes)
1739193210.612303 sending message 112 to peer 0x62f9c2834c30 (8 bytes)
1739193210.612308 sending message 112 to peer 0x62f9c2834c30 (15 bytes)
1739193210.612313 sending message 112 to peer 0x62f9c2834c30 (13 bytes)
1739193210.612317 sending message 112 to peer 0x62f9c2834c30 (10 bytes)
1739193210.612321 sending message 112 to peer 0x62f9c2834c30 (10 bytes)
1739193210.612325 sending message 112 to peer 0x62f9c2834c30 (17 bytes)
1739193210.612330 sending message 112 to peer 0x62f9c2834c30 (10 bytes)
1739193210.612336 sending message 112 to peer 0x62f9c2834c30 (13 bytes)
1739193210.612340 sending message 112 to peer 0x62f9c2834c30 (9 bytes)
1739193210.612344 sending message 112 to peer 0x62f9c2834c30 (5 bytes)
1739193210.612348 sending message 112 to peer 0x62f9c2834c30 (15 bytes)
1739193210.612355 sending message 104 to peer 0x62f9c2834c30 (0 bytes)
1739193210.612361 sending message 110 to peer 0x62f9c2834c30 (0 bytes)
1739193210.612367 sending message 107 to peer 0x62f9c2834c30 (4 bytes)
1739193210.612373 sending message 105 to peer 0x62f9c2834c30 (20 bytes)
1739193210.612378 sending message 105 to peer 0x62f9c2834c30 (15 bytes)
1739193210.612382 sending message 105 to peer 0x62f9c2834c30 (23 bytes)
1739193210.612386 sending message 105 to peer 0x62f9c2834c30 (20 bytes)
1739193210.612390 sending message 105 to peer 0x62f9c2834c30 (24 bytes)
1739193210.612395 sending message 105 to peer 0x62f9c2834c30 (44 bytes)
1739193210.612408 sending message 105 to peer 0x62f9c2834c30 (21 bytes)
1739193210.612413 sending message 105 to peer 0x62f9c2834c30 (17 bytes)
1739193210.612417 sending message 105 to peer 0x62f9c2834c30 (1817 bytes)
1739193210.612436 sending message 105 to peer 0x62f9c2834c30 (25 bytes)
1739193210.612441 sending message 105 to peer 0x62f9c2834c30 (19 bytes)
1739193210.612444 sending message 105 to peer 0x62f9c2834c30 (30 bytes)
1739193210.612450 sending message 105 to peer 0x62f9c2834c30 (13 bytes)
1739193210.612455 sending message 105 to peer 0x62f9c2834c30 (25 bytes)
1739193210.612459 sending message 105 to peer 0x62f9c2834c30 (27 bytes)
1739193210.612463 sending message 105 to peer 0x62f9c2834c30 (76 bytes)
1739193210.612467 sending message 105 to peer 0x62f9c2834c30 (23 bytes)
1739193210.612471 sending message 105 to peer 0x62f9c2834c30 (20 bytes)
1739193210.612476 sending message 105 to peer 0x62f9c2834c30 (13 bytes)
1739193210.612481 sending message 105 to peer 0x62f9c2834c30 (10 bytes)
1739193210.612485 sending message 105 to peer 0x62f9c2834c30 (11 bytes)
1739193210.612489 sending message 105 to peer 0x62f9c2834c30 (16 bytes)
1739193210.612493 sending message 105 to peer 0x62f9c2834c30 (30 bytes)
1739193210.612497 sending message 105 to peer 0x62f9c2834c30 (25 bytes)
1739193210.612501 sending message 105 to peer 0x62f9c2834c30 (14 bytes)
1739193210.612507 sending message 105 to peer 0x62f9c2834c30 (14 bytes)
1739193210.612511 sending message 106 to peer 0x62f9c2834c30 (0 bytes)
1739193210.612585 sending message 200 to peer 0x62f9c2834c30 (4 bytes)
1739193210.612591 client loop enter
1739193210.612623 client_signal: Child exited
1739193210.713736 peer 0x62f9c2834c30 message 207
1739193210.713749 sending message 208 to peer 0x62f9c2834c30 (0 bytes)
1739193225.091773 peer 0x62f9c2834c30 message 203
1739193225.091797 sending message 205 to peer 0x62f9c2834c30 (0 bytes)
1739193225.093732 peer 0x62f9c2834c30 message 204
1739193225.093752 client loop exit
